<?xml version="1.0" encoding="UTF-8"?>
<!-- Generated by org.testng.reporters.JUnitXMLReporter -->
<testsuite ignored="0" hostname="DESKTOP-TK2O5BT" failures="0" tests="8" name="Default test" time="73.385" errors="0" timestamp="2020-07-28T15:50:58 CEST">
  <testcase classname="test.LoginTests" name="tc01loginApp" time="16.331"/>
  <testcase classname="test.LoginTests" name="tc02noCredential" time="8.535"/>
  <testcase classname="test.LoginTests" name="tc03noEmail" time="7.346"/>
  <testcase classname="test.LoginTests" name="tc04wrongEmail" time="6.448"/>
  <testcase classname="test.LoginTests" name="tc05noPassword" time="6.606"/>
  <testcase classname="test.LoginTests" name="tc06wrongPassword" time="6.922"/>
  <testcase classname="test.LoginTests" name="tc07forgotPasswordLink" time="1.459"/>
  <testcase classname="test.LoginTests" name="tc08joinLink" time="2.155"/>
</testsuite> <!-- Default test -->
