<?xml version="1.0" encoding="UTF-8"?>
<!-- Generated by org.testng.reporters.JUnitXMLReporter -->
<testsuite ignored="0" hostname="DESKTOP-TK2O5BT" failures="0" tests="8" name="Default test" time="27.696" errors="0" timestamp="2020-06-07T12:23:15 CEST">
  <testcase classname="test.OtherProfileTests" name="tc01userPhoto" time="2.666"/>
  <testcase classname="test.OtherProfileTests" name="tc02photos" time="0.514"/>
  <testcase classname="test.OtherProfileTests" name="tc03likes" time="0.065"/>
  <testcase classname="test.OtherProfileTests" name="tc04collections" time="0.067"/>
  <testcase classname="test.OtherProfileTests" name="tc05followLinkLogout" time="0.793"/>
  <testcase classname="test.OtherProfileTests" name="tc06messageLogout" time="0.623"/>
  <testcase classname="test.OtherProfileTests" name="tc07followButton" time="9.65"/>
  <testcase classname="test.OtherProfileTests" name="tc08messageButton" time="0.402"/>
</testsuite> <!-- Default test -->
