<?xml version="1.0" encoding="UTF-8"?>
<!-- Generated by org.testng.reporters.JUnitXMLReporter -->
<testsuite ignored="51" hostname="DESKTOP-TK2O5BT" failures="0" tests="14" name="TestsOnChrome" time="169.274" errors="0" timestamp="2020-07-29T10:25:14 CEST">
  <testcase classname="test.LoginTests" name="tc01loginApp" time="13.135"/>
  <testcase classname="test.OtherProfileTests" name="tc05followLinkLogout" time="2.58"/>
  <testcase classname="test.OtherProfileTests" name="tc06messageLogout" time="0.648"/>
  <testcase classname="test.OtherProfileTests" name="tc07followButton" time="14.746"/>
  <testcase classname="test.OtherProfileTests" name="tc08messageButton" time="1.406"/>
  <testcase classname="test.SinglePhotoTests" name="tc01downloadPhotoButton" time="19.243"/>
  <testcase classname="test.SinglePhotoTests" name="tc02LikeButton" time="0.552"/>
  <testcase classname="test.SinglePhotoTests" name="tc03addToCollectionButton" time="3.455"/>
  <testcase classname="test.HomePageTests" name="tc02logoutJoinFreeLink" time="3.262"/>
  <testcase classname="test.HomePageTests" name="tc06logoutSubmitAphotoButton" time="3.35"/>
  <testcase classname="test.HomePageTests" name="tc08upFilter" time="2.194"/>
  <testcase classname="test.HomePageTests" name="tc10downFilter" time="4.945"/>
  <testcase classname="test.HomePageTests" name="tc15logoutLicenseLink" time="3.401"/>
  <testcase classname="test.CreateNewCollectionTests" name="tc01createCollection" time="23.749"/>
  <testcase classname="test.CreateNewCollectionTests" name="tc06createCollectionName61" time="0.0">
    <ignored/>
  </testcase> <!-- tc06createCollectionName61 -->
  <testcase classname="test.MyProfileTests" name="tc03photos" time="0.0">
    <ignored/>
  </testcase> <!-- tc03photos -->
  <testcase classname="test.MyProfileTests" name="tc06statsAllTime" time="0.0">
    <ignored/>
  </testcase> <!-- tc06statsAllTime -->
  <testcase classname="test.CreateNewCollectionTests" name="tc02createCollectionPrivacySymbol" time="0.0">
    <ignored/>
  </testcase> <!-- tc02createCollectionPrivacySymbol -->
  <testcase classname="test.HomePageTests" name="tc05logoutDropDownMenu" time="0.0">
    <ignored/>
  </testcase> <!-- tc05logoutDropDownMenu -->
  <testcase classname="test.HomePageTests" name="tc12loginFollowingLink" time="0.0">
    <ignored/>
  </testcase> <!-- tc12loginFollowingLink -->
  <testcase classname="test.EditProfileTests" name="tc03connectAccountsLink" time="0.0">
    <ignored/>
  </testcase> <!-- tc03connectAccountsLink -->
  <testcase classname="test.LoginTests" name="tc02noCredential" time="0.0">
    <ignored/>
  </testcase> <!-- tc02noCredential -->
  <testcase classname="test.EditProfileTests" name="tc06changeProfileImage" time="0.0">
    <ignored/>
  </testcase> <!-- tc06changeProfileImage -->
  <testcase classname="test.EditProfileTests" name="tc10editLocation" time="0.0">
    <ignored/>
  </testcase> <!-- tc10editLocation -->
  <testcase classname="test.SinglePhotoTests" name="tc05infoButton" time="0.0">
    <ignored/>
  </testcase> <!-- tc05infoButton -->
  <testcase classname="test.OtherProfileTests" name="tc04collections" time="0.0">
    <ignored/>
  </testcase> <!-- tc04collections -->
  <testcase classname="test.MyProfileTests" name="tc04likes" time="0.0">
    <ignored/>
  </testcase> <!-- tc04likes -->
  <testcase classname="test.EditProfileTests" name="tc08editFirstNameBlank" time="0.0">
    <ignored/>
  </testcase> <!-- tc08editFirstNameBlank -->
  <testcase classname="test.HomePageTests" name="tc01logoutLoginLink" time="0.0">
    <ignored/>
  </testcase> <!-- tc01logoutLoginLink -->
  <testcase classname="test.HomePageTests" name="tc17loginSubmitAphotoButtonUploadUnder5mp" time="0.0">
    <ignored/>
  </testcase> <!-- tc17loginSubmitAphotoButtonUploadUnder5mp -->
  <testcase classname="test.EditProfileTests" name="tc05closeAccountLink" time="0.0">
    <ignored/>
  </testcase> <!-- tc05closeAccountLink -->
  <testcase classname="test.CreateNewCollectionTests" name="tc05createCollectionNoName" time="0.0">
    <ignored/>
  </testcase> <!-- tc05createCollectionNoName -->
  <testcase classname="test.LoginTests" name="tc04wrongEmail" time="0.0">
    <ignored/>
  </testcase> <!-- tc04wrongEmail -->
  <testcase classname="test.EditProfileTests" name="tc09editLastName" time="0.0">
    <ignored/>
  </testcase> <!-- tc09editLastName -->
  <testcase classname="test.EditProfileTests" name="tc01emailSettingsLink" time="0.0">
    <ignored/>
  </testcase> <!-- tc01emailSettingsLink -->
  <testcase classname="test.HomePageTests" name="tc07logoutEditorialLink" time="0.0">
    <ignored/>
  </testcase> <!-- tc07logoutEditorialLink -->
  <testcase classname="test.CreateNewCollectionTests" name="tc03createCollectionDescription" time="0.0">
    <ignored/>
  </testcase> <!-- tc03createCollectionDescription -->
  <testcase classname="test.LoginTests" name="tc06wrongPassword" time="0.0">
    <ignored/>
  </testcase> <!-- tc06wrongPassword -->
  <testcase classname="test.MyProfileTests" name="tc05collections" time="0.0">
    <ignored/>
  </testcase> <!-- tc05collections -->
  <testcase classname="test.EditProfileTests" name="tc02changePasswordLink" time="0.0">
    <ignored/>
  </testcase> <!-- tc02changePasswordLink -->
  <testcase classname="test.EditProfileTests" name="tc04applicationsLink" time="0.0">
    <ignored/>
  </testcase> <!-- tc04applicationsLink -->
  <testcase classname="test.HomePageTests" name="tc13loginProfileIcon" time="0.0">
    <ignored/>
  </testcase> <!-- tc13loginProfileIcon -->
  <testcase classname="test.OtherProfileTests" name="tc02photos" time="0.0">
    <ignored/>
  </testcase> <!-- tc02photos -->
  <testcase classname="test.EditProfileTests" name="tc11editBio" time="0.0">
    <ignored/>
  </testcase> <!-- tc11editBio -->
  <testcase classname="test.LoginTests" name="tc05noPassword" time="0.0">
    <ignored/>
  </testcase> <!-- tc05noPassword -->
  <testcase classname="test.OtherProfileTests" name="tc01userPhoto" time="0.0">
    <ignored/>
  </testcase> <!-- tc01userPhoto -->
  <testcase classname="test.EditProfileTests" name="tc07editFirstName" time="0.0">
    <ignored/>
  </testcase> <!-- tc07editFirstName -->
  <testcase classname="test.SinglePhotoTests" name="tc06photoTitleAndFollowLink" time="0.0">
    <ignored/>
  </testcase> <!-- tc06photoTitleAndFollowLink -->
  <testcase classname="test.CreateNewCollectionTests" name="tc04createCollectionNoPrivacySymbol" time="0.0">
    <ignored/>
  </testcase> <!-- tc04createCollectionNoPrivacySymbol -->
  <testcase classname="test.MyProfileTests" name="tc01profilePhoto" time="0.0">
    <ignored/>
  </testcase> <!-- tc01profilePhoto -->
  <testcase classname="test.HomePageTests" name="tc03logoutTopicsLink" time="0.0">
    <ignored/>
  </testcase> <!-- tc03logoutTopicsLink -->
  <testcase classname="test.OtherProfileTests" name="tc03likes" time="0.0">
    <ignored/>
  </testcase> <!-- tc03likes -->
  <testcase classname="test.HomePageTests" name="tc04logoutExploreLink" time="0.0">
    <ignored/>
  </testcase> <!-- tc04logoutExploreLink -->
  <testcase classname="test.SinglePhotoTests" name="tc04shareButton" time="0.0">
    <ignored/>
  </testcase> <!-- tc04shareButton -->
  <testcase classname="test.CreateNewCollectionTests" name="tc08CancelButton" time="0.0">
    <ignored/>
  </testcase> <!-- tc08CancelButton -->
  <testcase classname="test.LoginTests" name="tc08joinLink" time="0.0">
    <ignored/>
  </testcase> <!-- tc08joinLink -->
  <testcase classname="test.LoginTests" name="tc07forgotPasswordLink" time="0.0">
    <ignored/>
  </testcase> <!-- tc07forgotPasswordLink -->
  <testcase classname="test.HomePageTests" name="tc11downFilterNoKeys" time="0.0">
    <ignored/>
  </testcase> <!-- tc11downFilterNoKeys -->
  <testcase classname="test.MyProfileTests" name="tc02editProfileButton" time="0.0">
    <ignored/>
  </testcase> <!-- tc02editProfileButton -->
  <testcase classname="test.LoginTests" name="tc03noEmail" time="0.0">
    <ignored/>
  </testcase> <!-- tc03noEmail -->
  <testcase classname="test.MyProfileTests" name="tc07stats30Days" time="0.0">
    <ignored/>
  </testcase> <!-- tc07stats30Days -->
  <testcase classname="test.HomePageTests" name="tc16loginSubmitAphotoButtonUpload" time="0.0">
    <ignored/>
  </testcase> <!-- tc16loginSubmitAphotoButtonUpload -->
  <testcase classname="test.HomePageTests" name="tc09upFilterNoKeys" time="0.0">
    <ignored/>
  </testcase> <!-- tc09upFilterNoKeys -->
  <testcase classname="test.HomePageTests" name="tc14loginNotifications" time="0.0">
    <ignored/>
  </testcase> <!-- tc14loginNotifications -->
  <testcase classname="test.CreateNewCollectionTests" name="tc07createCollectionDescription251" time="0.0">
    <ignored/>
  </testcase> <!-- tc07createCollectionDescription251 -->
</testsuite> <!-- TestsOnChrome -->
