<?xml version="1.0" encoding="UTF-8"?>
<testng-results ignored="0" total="2" passed="2" failed="0" skipped="0">
  <reporter-output>
  </reporter-output>
  <suite started-at="2020-06-01T12:08:26 CEST" name="Default suite" finished-at="2020-06-01T12:08:50 CEST" duration-ms="23867">
    <groups>
    </groups>
    <test started-at="2020-06-01T12:08:26 CEST" name="Default test" finished-at="2020-06-01T12:08:50 CEST" duration-ms="23867">
      <class name="test.SinglePhotoTests">
        <test-method is-config="true" signature="setup()[pri:0, instance:test.SinglePhotoTests@223f3642]" started-at="2020-06-01T12:08:26 CEST" name="setup" finished-at="2020-06-01T12:08:35 CEST" duration-ms="9204" status="PASS">
          <reporter-output>
          </reporter-output>
        </test-method> <!-- setup -->
        <test-method signature="tc01LikeButton()[pri:0, instance:test.SinglePhotoTests@223f3642]" started-at="2020-06-01T12:08:35 CEST" name="tc01LikeButton" finished-at="2020-06-01T12:08:45 CEST" duration-ms="10216" status="PASS">
          <reporter-output>
          </reporter-output>
        </test-method> <!-- tc01LikeButton -->
        <test-method signature="tc02addToCollectionButton()[pri:0, instance:test.SinglePhotoTests@223f3642]" started-at="2020-06-01T12:08:45 CEST" name="tc02addToCollectionButton" finished-at="2020-06-01T12:08:46 CEST" duration-ms="657" status="PASS">
          <reporter-output>
          </reporter-output>
        </test-method> <!-- tc02addToCollectionButton -->
        <test-method is-config="true" signature="tearDown()[pri:0, instance:test.SinglePhotoTests@223f3642]" started-at="2020-06-01T12:08:46 CEST" name="tearDown" finished-at="2020-06-01T12:08:50 CEST" duration-ms="3711" status="PASS">
          <reporter-output>
          </reporter-output>
        </test-method> <!-- tearDown -->
      </class> <!-- test.SinglePhotoTests -->
    </test> <!-- Default test -->
  </suite> <!-- Default suite -->
</testng-results>
