<?xml version="1.0" encoding="UTF-8"?>
<testng-results ignored="0" total="8" passed="8" failed="0" skipped="0">
  <reporter-output>
  </reporter-output>
  <suite started-at="2020-07-21T18:27:47 CEST" name="Default suite" finished-at="2020-07-21T18:29:04 CEST" duration-ms="77326">
    <groups>
    </groups>
    <test started-at="2020-07-21T18:27:47 CEST" name="Default test" finished-at="2020-07-21T18:29:04 CEST" duration-ms="77326">
      <class name="test.LoginTests">
        <test-method is-config="true" signature="setup()[pri:0, instance:test.LoginTests@29176cc1]" started-at="2020-07-21T18:27:47 CEST" name="setup" finished-at="2020-07-21T18:27:56 CEST" duration-ms="9724" status="PASS">
          <reporter-output>
          </reporter-output>
        </test-method> <!-- setup -->
        <test-method signature="tc01loginApp()[pri:0, instance:test.LoginTests@29176cc1]" started-at="2020-07-21T18:27:57 CEST" name="tc01loginApp" finished-at="2020-07-21T18:28:09 CEST" duration-ms="12128" status="PASS">
          <reporter-output>
          </reporter-output>
        </test-method> <!-- tc01loginApp -->
        <test-method signature="tc02noCredential()[pri:0, instance:test.LoginTests@29176cc1]" started-at="2020-07-21T18:28:09 CEST" name="tc02noCredential" finished-at="2020-07-21T18:28:15 CEST" duration-ms="6574" status="PASS">
          <reporter-output>
          </reporter-output>
        </test-method> <!-- tc02noCredential -->
        <test-method signature="tc03noEmail()[pri:0, instance:test.LoginTests@29176cc1]" started-at="2020-07-21T18:28:15 CEST" name="tc03noEmail" finished-at="2020-07-21T18:28:21 CEST" duration-ms="5770" status="PASS">
          <reporter-output>
          </reporter-output>
        </test-method> <!-- tc03noEmail -->
        <test-method signature="tc04wrongEmail()[pri:0, instance:test.LoginTests@29176cc1]" started-at="2020-07-21T18:28:21 CEST" name="tc04wrongEmail" finished-at="2020-07-21T18:28:27 CEST" duration-ms="5582" status="PASS">
          <reporter-output>
          </reporter-output>
        </test-method> <!-- tc04wrongEmail -->
        <test-method signature="tc05noPassword()[pri:0, instance:test.LoginTests@29176cc1]" started-at="2020-07-21T18:28:27 CEST" name="tc05noPassword" finished-at="2020-07-21T18:28:33 CEST" duration-ms="6388" status="PASS">
          <reporter-output>
          </reporter-output>
        </test-method> <!-- tc05noPassword -->
        <test-method signature="tc06wrongPassword()[pri:0, instance:test.LoginTests@29176cc1]" started-at="2020-07-21T18:28:33 CEST" name="tc06wrongPassword" finished-at="2020-07-21T18:28:40 CEST" duration-ms="6534" status="PASS">
          <reporter-output>
          </reporter-output>
        </test-method> <!-- tc06wrongPassword -->
        <test-method signature="tc07forgotPasswordLink()[pri:0, instance:test.LoginTests@29176cc1]" started-at="2020-07-21T18:28:40 CEST" name="tc07forgotPasswordLink" finished-at="2020-07-21T18:28:40 CEST" duration-ms="918" status="PASS">
          <reporter-output>
          </reporter-output>
        </test-method> <!-- tc07forgotPasswordLink -->
        <test-method signature="tc08joinLink()[pri:0, instance:test.LoginTests@29176cc1]" started-at="2020-07-21T18:28:40 CEST" name="tc08joinLink" finished-at="2020-07-21T18:29:00 CEST" duration-ms="19839" status="PASS">
          <reporter-output>
          </reporter-output>
        </test-method> <!-- tc08joinLink -->
        <test-method is-config="true" signature="tearDown()[pri:0, instance:test.LoginTests@29176cc1]" started-at="2020-07-21T18:29:00 CEST" name="tearDown" finished-at="2020-07-21T18:29:04 CEST" duration-ms="3780" status="PASS">
          <reporter-output>
          </reporter-output>
        </test-method> <!-- tearDown -->
      </class> <!-- test.LoginTests -->
    </test> <!-- Default test -->
  </suite> <!-- Default suite -->
</testng-results>
